[debug] [2023-03-01T19:20:20.702Z] ----------------------------------------------------------------------
[debug] [2023-03-01T19:20:20.703Z] Command:       /opt/homebrew/Cellar/node/18.11.0/bin/node /opt/homebrew/bin/firebase deploy
[debug] [2023-03-01T19:20:20.704Z] CLI Version:   11.23.0
[debug] [2023-03-01T19:20:20.704Z] Platform:      darwin
[debug] [2023-03-01T19:20:20.704Z] Node Version:  v18.11.0
[debug] [2023-03-01T19:20:20.707Z] Time:          Thu Mar 02 2023 03:20:20 GMT+0800 (台北標準時間)
[debug] [2023-03-01T19:20:20.707Z] ----------------------------------------------------------------------
[debug] 
[debug] [2023-03-01T19:20:20.749Z] > command requires scopes: ["email","openid","https://www.googleapis.com/auth/cloudplatformprojects.readonly","https://www.googleapis.com/auth/firebase","https://www.googleapis.com/auth/cloud-platform"]
[debug] [2023-03-01T19:20:20.750Z] > authorizing via signed-in user (ken5475ht@gmail.com)
[debug] [2023-03-01T19:20:20.750Z] [iam] checking project clearsome-d2515 for permissions ["firebase.projects.get","firebasehosting.sites.update"]
[debug] [2023-03-01T19:20:20.751Z] > refreshing access token with scopes: []
[debug] [2023-03-01T19:20:20.752Z] >>> [apiv2][query] POST https://www.googleapis.com/oauth2/v3/token [none]
[debug] [2023-03-01T19:20:20.752Z] >>> [apiv2][body] POST https://www.googleapis.com/oauth2/v3/token [omitted]
[debug] [2023-03-01T19:20:20.845Z] <<< [apiv2][status] POST https://www.googleapis.com/oauth2/v3/token 200
[debug] [2023-03-01T19:20:20.845Z] <<< [apiv2][body] POST https://www.googleapis.com/oauth2/v3/token [omitted]
[debug] [2023-03-01T19:20:20.856Z] >>> [apiv2][query] POST https://cloudresourcemanager.googleapis.com/v1/projects/clearsome-d2515:testIamPermissions [none]
[debug] [2023-03-01T19:20:20.856Z] >>> [apiv2][(partial)header] POST https://cloudresourcemanager.googleapis.com/v1/projects/clearsome-d2515:testIamPermissions x-goog-quota-user=projects/clearsome-d2515
[debug] [2023-03-01T19:20:20.856Z] >>> [apiv2][body] POST https://cloudresourcemanager.googleapis.com/v1/projects/clearsome-d2515:testIamPermissions {"permissions":["firebase.projects.get","firebasehosting.sites.update"]}
[debug] [2023-03-01T19:20:21.662Z] <<< [apiv2][status] POST https://cloudresourcemanager.googleapis.com/v1/projects/clearsome-d2515:testIamPermissions 200
[debug] [2023-03-01T19:20:21.662Z] <<< [apiv2][body] POST https://cloudresourcemanager.googleapis.com/v1/projects/clearsome-d2515:testIamPermissions {"permissions":["firebase.projects.get","firebasehosting.sites.update"]}
[debug] [2023-03-01T19:20:21.663Z] >>> [apiv2][query] GET https://firebase.googleapis.com/v1beta1/projects/clearsome-d2515 [none]
[debug] [2023-03-01T19:20:21.906Z] <<< [apiv2][status] GET https://firebase.googleapis.com/v1beta1/projects/clearsome-d2515 200
[debug] [2023-03-01T19:20:21.906Z] <<< [apiv2][body] GET https://firebase.googleapis.com/v1beta1/projects/clearsome-d2515 {"projectId":"clearsome-d2515","projectNumber":"957302702642","displayName":"clearsome","name":"projects/clearsome-d2515","resources":{"hostingSite":"clearsome-d2515","storageBucket":"clearsome-d2515.appspot.com","locationId":"asia-northeast3"},"state":"ACTIVE","etag":"1_eb8429cd-43c4-4f12-b23d-97e216c81318"}
[info] 
[info] === Deploying to 'clearsome-d2515'...
[info] 
[info] i  deploying hosting 
[debug] [2023-03-01T19:20:21.908Z] >>> [apiv2][query] POST https://firebasehosting.googleapis.com/v1beta1/projects/-/sites/clearsome-d2515/versions [none]
[debug] [2023-03-01T19:20:21.908Z] >>> [apiv2][body] POST https://firebasehosting.googleapis.com/v1beta1/projects/-/sites/clearsome-d2515/versions {"status":"CREATED","labels":{"deployment-tool":"cli-firebase"}}
[debug] [2023-03-01T19:20:22.990Z] <<< [apiv2][status] POST https://firebasehosting.googleapis.com/v1beta1/projects/-/sites/clearsome-d2515/versions 200
[debug] [2023-03-01T19:20:22.990Z] <<< [apiv2][body] POST https://firebasehosting.googleapis.com/v1beta1/projects/-/sites/clearsome-d2515/versions {"name":"projects/957302702642/sites/clearsome-d2515/versions/1378f995f4397bb4","status":"CREATED","config":{},"labels":{"deployment-tool":"cli-firebase"}}
[info] i  hosting[clearsome-d2515]: beginning deploy... 
[info] i  hosting[clearsome-d2515]: found 36 files in build 
[debug] [2023-03-01T19:20:22.997Z] [hosting] uploading with 200 concurrency
